logger.go:41: 2023-05-27 17:10:43 [INFO] bbb
logger.go:41: 2023-05-27 17:10:43 [WARNING] ccc
logger.go:41: 2023-05-27 17:10:43 [ERROR] ddd
logger.go:41: 2023-05-27 17:10:43 [CRITICAL] eee
logger.go:41: 2023-05-27 17:11:13 [INFO] bbb
logger.go:41: 2023-05-27 17:11:13 [WARNING] ccc
logger.go:41: 2023-05-27 17:11:13 [ERROR] ddd
logger.go:41: 2023-05-27 17:11:18 [CRITICAL] eee
logger.go:41: 2023-05-27 17:13:15.709 [INFO] bbb
logger.go:41: 2023-05-27 17:13:15.709 [WARNING] ccc
logger.go:41: 2023-05-27 17:13:15.709 [ERROR] ddd
logger.go:41: 2023-05-27 17:13:20.710 [CRITICAL] eee
logger.go:50: 2023-05-27 17:15:15.486 [INFO] bbb2023-05-27 17:15:15.486 [INFO] bbb
logger.go:50: 2023-05-27 17:15:15.486 [WARNING] ccc2023-05-27 17:15:15.486 [WARNING] ccc
logger.go:50: 2023-05-27 17:15:15.486 [ERROR] ddd2023-05-27 17:15:15.486 [ERROR] ddd
logger.go:50: 2023-05-27 17:15:20.488 [CRITICAL] eee2023-05-27 17:15:20.488 [CRITICAL] eee
logger.go:41: 2023-05-27 17:16:05.898 [INFO] bbb
logger.go:41: 2023-05-27 17:16:05.898 [WARNING] ccc
logger.go:41: 2023-05-27 17:16:05.898 [ERROR] ddd
logger.go:41: 2023-05-27 17:16:10.898 [CRITICAL] eee
